SDPA-GMP start at Sun Jan 18 21:30:46 2026
data      is /home/pripoll/Documents/Uni_Classes/Masters_thesis/anharmonic_thermal/thermal_anharmonic/python_files/sdpa_filesexample1_redone.dat
parameter is ./param.sdpa
out       is /home/pripoll/Documents/Uni_Classes/Masters_thesis/anharmonic_thermal/thermal_anharmonic/python_files/sdpa_filesexample1_redone.out
DENSE computation
   mu      thetaP  thetaD  objP      objD      alphaP  alphaD  beta 
 0 1.0e+08 1.0e+00 1.0e+00 +0.00e+00 +2.40e+05 1.0e+00 9.0e-01 3.00e-01
 1 1.6e+07 0.0e+00 1.0e-01 +1.10e+05 +2.40e+04 9.0e-01 9.0e-01 3.00e-01
 2 2.5e+06 4.3e-81 1.0e-02 +1.69e+05 +2.35e+03 9.0e-01 9.0e-01 3.00e-01
 3 4.2e+05 7.8e-81 9.7e-04 +2.50e+05 +1.90e+02 9.3e-01 9.3e-01 3.00e-01
 4 1.0e+05 7.8e-81 6.8e-05 +2.74e+05 -2.56e+01 1.3e+00 1.0e+00 3.00e-01
 5 1.9e+04 1.0e-80 1.0e-81 +7.69e+04 -4.19e+01 9.7e-01 9.0e+01 1.00e-01
 6 2.4e+03 1.2e-80 8.9e-80 +9.73e+03 -4.19e+01 9.9e-01 9.9e-01 1.00e-01
 7 2.6e+02 1.4e-80 1.5e-81 +1.02e+03 -4.19e+01 1.0e+00 1.0e+00 1.00e-01
 8 2.7e+01 1.1e-80 1.1e-81 +6.47e+01 -4.19e+01 1.0e+00 9.0e+01 1.00e-01
 9 2.7e+00 9.5e-81 1.1e-79 -3.12e+01 -4.19e+01 1.0e+00 1.0e+00 1.00e-01
10 2.7e-01 1.4e-80 2.3e-81 -4.08e+01 -4.19e+01 1.0e+00 1.0e+00 1.00e-01
11 2.7e-02 9.6e-81 1.2e-81 -4.18e+01 -4.19e+01 1.0e+00 1.0e+00 1.00e-01
12 2.7e-03 1.3e-80 1.0e-81 -4.19e+01 -4.19e+01 1.0e+00 1.0e+00 1.00e-01
13 2.7e-04 1.5e-80 1.1e-81 -4.19e+01 -4.19e+01 1.0e+00 9.0e+01 1.00e-01
14 2.7e-05 1.5e-80 4.2e-80 -4.19e+01 -4.19e+01 1.0e+00 1.0e+00 1.00e-01
15 2.7e-06 1.9e-80 2.0e-81 -4.19e+01 -4.19e+01 1.0e+00 1.0e+00 1.00e-01
16 2.7e-07 2.0e-80 9.5e-82 -4.19e+01 -4.19e+01 1.0e+00 1.0e+00 1.00e-01
17 2.7e-08 2.1e-80 2.6e-82 -4.19e+01 -4.19e+01 1.0e+00 9.0e+01 1.00e-01
18 2.7e-09 2.6e-80 7.6e-80 -4.19e+01 -4.19e+01 1.0e+00 1.0e+00 1.00e-01
19 2.7e-10 3.0e-80 2.0e-81 -4.19e+01 -4.19e+01 1.0e+00 1.0e+00 1.00e-01
20 2.7e-11 3.7e-80 1.1e-81 -4.19e+01 -4.19e+01 1.0e+00 1.0e+00 1.00e-01
21 2.7e-12 3.9e-80 1.1e-81 -4.19e+01 -4.19e+01 1.0e+00 1.0e+00 1.00e-01
22 2.7e-13 4.5e-80 1.0e-81 -4.19e+01 -4.19e+01 1.0e+00 9.0e+01 1.00e-01
23 2.7e-14 4.9e-80 4.7e-80 -4.19e+01 -4.19e+01 1.0e+00 1.0e+00 1.00e-01
24 2.7e-15 5.0e-80 2.0e-81 -4.19e+01 -4.19e+01 1.0e+00 1.0e+00 1.00e-01
25 2.7e-16 5.2e-80 1.1e-81 -4.19e+01 -4.19e+01 1.0e+00 1.0e+00 1.00e-01
26 2.7e-17 6.1e-80 1.1e-81 -4.19e+01 -4.19e+01 1.0e+00 1.0e+00 1.00e-01
27 2.7e-18 6.2e-80 1.0e-81 -4.19e+01 -4.19e+01 1.0e+00 1.0e+00 1.00e-01
28 2.7e-19 6.8e-80 1.1e-81 -4.19e+01 -4.19e+01 1.0e+00 1.0e+00 1.00e-01
29 2.7e-20 7.6e-80 1.9e-81 -4.19e+01 -4.19e+01 1.0e+00 1.0e+00 1.00e-01
30 2.7e-21 8.2e-80 1.6e-81 -4.19e+01 -4.19e+01 1.0e+00 1.0e+00 1.00e-01
31 2.7e-22 8.6e-80 1.1e-81 -4.19e+01 -4.19e+01 1.0e+00 1.0e+00 1.00e-01
32 2.7e-23 9.4e-80 1.0e-81 -4.19e+01 -4.19e+01 1.0e+00 9.0e+01 1.00e-01
33 2.7e-24 9.8e-80 4.2e-81 -4.19e+01 -4.19e+01 1.0e+00 1.0e+00 1.00e-01
34 2.7e-25 1.1e-79 1.0e-81 -4.19e+01 -4.19e+01 1.0e+00 9.0e+01 1.00e-01
35 2.7e-26 1.1e-79 8.0e-80 -4.19e+01 -4.19e+01 1.0e+00 1.0e+00 1.00e-01
36 2.7e-27 1.2e-79 2.0e-81 -4.19e+01 -4.19e+01 1.0e+00 1.0e+00 1.00e-01
37 2.7e-28 1.3e-79 1.1e-81 -4.19e+01 -4.19e+01 1.0e+00 1.0e+00 1.00e-01
38 2.7e-29 1.3e-79 1.0e-81 -4.19e+01 -4.19e+01 1.0e+00 1.0e+00 1.00e-01
39 2.7e-30 1.4e-79 1.1e-81 -4.19e+01 -4.19e+01 1.0e+00 1.0e+00 1.00e-01

phase.value = pdOPT     
   Iteration = 39
          mu = 2.6655461162066612e-30
relative gap = 2.5446740966173376e-31
         gap = 1.0662184464826645e-29
      digits = 3.0594367831049784e+01
objValPrimal = -4.1900000000000000e+01
objValDual   = -4.1900000000000000e+01
p.feas.error = 1.3725276650826824e-75
d.feas.error = 2.2454038243245556e-76
relative eps = 8.6361685550944446e-78
total time   = 0.375


Parameters are
** Parameters **
maxIteration =    200
epsilonStar  = 1.000e-30
lambdaStar   = 1.000e+04
omegaStar    = 2.000e+00
lowerBound   = -1.000e+05
upperBound   = 1.000e+05
betaStar     = 1.000e-01
betaBar      = 3.000e-01
gammaStar    = 9.000e-01
epsilonDash  = 1.000e-30
precision    =    200
xPrint       = %+50.40Fe 
XPrint       = %+50.40Fe 
YPrint       = %+50.40Fe 
infPrint     = %+50.40Fe 

                         Time(sec)  Ratio(% : MainLoop) 
 Predictor time  =       0.249037,  66.633388
 Corrector time  =       0.027660,  7.400860
 Make bMat time  =       0.224161,  59.977367
 Make bDia time  =       0.000009,  0.002488
 Make bF1  time  =       0.223854,  59.895202
 Make bF2  time  =       0.000000,  0.000000
 Make bF3  time  =       0.000214,  0.057222
 Make bPRE time  =       0.222681,  59.581344
 Make rMat time  =       0.017410,  4.658175
 Make gVec Mul   =       0.002068,  0.553334
 Make gVec time  =       0.003983,  1.065586
 Cholesky bMat   =       0.001158,  0.309903
 Ste Pre time    =       0.000383,  0.102514
 Ste Cor time    =       0.050231,  13.440011
 solve           =       0.000849,  0.227037
 sumDz           =       0.001487,  0.397745
 makedX          =       0.025836,  6.912786
 symmetriseDx    =       0.000527,  0.140981
 makedXdZ        =       0.027977,  7.485704
 xMatTime        =       0.002132,  0.570430
 zMatTime        =       0.002203,  0.589568
 invzMatTime     =       0.000000,  0.000000
 xMatzMatTime    =       0.000000,  0.000000
 EigxMatTime     =       0.044219,  11.831553
 EigzMatTime     =       0.004634,  1.239867
 EigxMatzMatTime =       0.000000,  0.000000
 updateRes       =       0.002437,  0.652148
 EigTime         =       0.048853,  13.071419
 sub_total_bMat  =       0.149581,  40.022633
 Main Loop       =       0.373742,  100.000000
 File Check      =       0.000000,  0.000000
 File Change     =       0.000012,  0.003190
 File Read       =       0.000864,  0.231056
 Total           =       0.374768,  100.274498

xVec = 
{   -1.0999999999999999999999999999998670343325e+00,   -2.7375000000000000000000000000009401088212e+00,   -5.5000000000000000000000000000016205190730e-01}
xMat = 
{
{ {   +1.3296566752706649560949923782911868274427e-30,   +1.8282779284971643146306145201503818877337e-30,   +0.0000000000000000000000000000000000000000e+00,   +0.0000000000000000000000000000000000000000e+00 },
  {   +1.8282779284971643146306145201503818877337e-30,   +7.8449743840969232409604550319180022819118e-30,   +0.0000000000000000000000000000000000000000e+00,   +0.0000000000000000000000000000000000000000e+00 },
  {   +0.0000000000000000000000000000000000000000e+00,   +0.0000000000000000000000000000000000000000e+00,   +1.3296566752706649560949923782911868274427e-30,   +1.8282779284971643146306145201503818877337e-30 },
  {   +0.0000000000000000000000000000000000000000e+00,   +0.0000000000000000000000000000000000000000e+00,   +1.8282779284971643146306145201503818877337e-30,   +7.8449743840969232409604550319180022819118e-30 }   }
}
yMat = 
{
{ {   +2.9500000000000000000000000000000000000000e+00,   -6.8750000000000000000000000000000000000000e-01,   +0.0000000000000000000000000000000000000000e+00,   +0.0000000000000000000000000000000000000000e+00 },
  {   -6.8750000000000000000000000000000000000000e-01,   +5.0000000000000000000000000000000000000000e-01,   +0.0000000000000000000000000000000000000000e+00,   +0.0000000000000000000000000000000000000000e+00 },
  {   +0.0000000000000000000000000000000000000000e+00,   +0.0000000000000000000000000000000000000000e+00,   +2.9500000000000000000000000000000000000000e+00,   -6.8750000000000000000000000000000000000000e-01 },
  {   +0.0000000000000000000000000000000000000000e+00,   +0.0000000000000000000000000000000000000000e+00,   -6.8750000000000000000000000000000000000000e-01,   +5.0000000000000000000000000000000000000000e-01 }   }
}
    main loop time = 0.373742
        total time = 0.374768
  file   read time = 0.000864
