\BOOKMARK [1][-]{section.1}{\376\377\000I\000n\000t\000r\000o\000d\000u\000c\000t\000i\000o\000n}{}% 1
\BOOKMARK [1][-]{section.2}{\376\377\000Q\000u\000a\000n\000t\000u\000m\000\040\000M\000e\000c\000h\000a\000n\000i\000c\000a\000l\000\040\000B\000o\000o\000t\000s\000t\000r\000a\000p}{}% 2
\BOOKMARK [2][-]{subsection.2.1}{\376\377\000T\000h\000e\000\040\000B\000a\000s\000i\000c\000s\000\040\000o\000f\000\040\000Q\000M\000\040\000B\000o\000o\000t\000s\000t\000r\000a\000p\000s}{section.2}% 3
\BOOKMARK [2][-]{subsection.2.2}{\376\377\000B\000o\000o\000t\000s\000t\000r\000a\000p\000\040\000E\000x\000a\000m\000p\000l\000e\000s}{section.2}% 4
\BOOKMARK [3][-]{subsubsection.2.2.1}{\376\377\000Z\000e\000r\000o\000\040\000T\000e\000m\000p\000e\000r\000a\000t\000u\000r\000e}{subsection.2.2}% 5
\BOOKMARK [3][-]{subsubsection.2.2.2}{\376\377\000T\000h\000e\000r\000m\000a\000l\000\040\000C\000a\000s\000e}{subsection.2.2}% 6
\BOOKMARK [2][-]{subsection.2.3}{\376\377\000I\000m\000p\000l\000e\000m\000e\000n\000t\000a\000t\000i\000o\000n}{section.2}% 7
\BOOKMARK [1][-]{section.3}{\376\377\000T\000h\000e\000\040\000B\000F\000S\000S\000\040\000M\000o\000d\000e\000l}{}% 8
\BOOKMARK [2][-]{subsection.3.1}{\376\377\000T\000y\000p\000e\000I\000I\000A\000,\000\040\000M\000-\000T\000h\000e\000o\000r\000y\000\040\000a\000n\000d\000\040\000K\000a\000l\000u\000z\000a\000-\000K\000l\000e\000i\000n\000\040\000c\000o\000m\000p\000a\000c\000t\000i\000f\000i\000c\000a\000t\000i\000o\000n}{section.3}% 9
\BOOKMARK [2][-]{subsection.3.2}{\376\377\000N\000o\000n\000-\000A\000b\000e\000l\000i\000a\000n\000\040\000B\000o\000s\000o\000n\000i\000c\000\040\000D\000O\000-\000b\000r\000a\000n\000e\000s}{section.3}% 10
\BOOKMARK [2][-]{subsection.3.3}{\376\377\000I\000n\000f\000i\000n\000i\000t\000e\000\040\000B\000o\000o\000s\000t\000s\000\040\000a\000n\000d\000\040\000N\000u\000l\000l\000\040\000C\000o\000m\000p\000a\000c\000t\000i\000f\000i\000c\000a\000t\000i\000o\000n}{section.3}% 11
\BOOKMARK [2][-]{subsection.3.4}{\376\377\000S\000o\000m\000e\000\040\000K\000n\000o\000w\000n\000\040\000P\000r\000o\000p\000e\000r\000t\000i\000e\000s\000\040\000o\000f\000\040\000t\000h\000e\000\040\000M\000a\000t\000r\000i\000x\000\040\000M\000o\000d\000e\000l}{section.3}% 12
\BOOKMARK [1][-]{section.4}{\376\377\000B\000o\000o\000t\000s\000t\000r\000a\000p\000s\000\040\000o\000f\000\040\000t\000h\000e\000\040\000B\000F\000S\000S\000\040\000M\000o\000d\000e\000l}{}% 13
\BOOKMARK [2][-]{subsection.4.1}{\376\377\000P\000a\000r\000a\000l\000l\000e\000l\000s\000\040\000a\000n\000d\000\040\000D\000i\000f\000f\000e\000r\000e\000n\000c\000e\000s}{section.4}% 14
\BOOKMARK [2][-]{subsection.4.2}{\376\377\000L\000i\000t\000e\000r\000a\000t\000u\000r\000e\000\040\000I\000m\000p\000l\000e\000m\000e\000n\000t\000a\000t\000i\000o\000n\000s}{section.4}% 15
\BOOKMARK [1][-]{section.5}{\376\377\000D\000i\000s\000c\000u\000s\000s\000i\000o\000n}{}% 16
\BOOKMARK [1][-]{appendix.A}{\376\377\000K\000a\000l\000u\000z\000a\000-\000K\000l\000e\000i\000n\000\040\000R\000e\000d\000u\000c\000t\000i\000o\000n}{}% 17
\BOOKMARK [1][-]{appendix.B}{\376\377\000T\000h\000e\000\040\000C\000o\000d\000e\000\040\000I\000m\000p\000l\000e\000m\000e\000n\000t\000a\000t\000i\000o\000n\000\040\000i\000n\000\040\000D\000e\000p\000t\000h\000\040\000a\000n\000d\000\040\000G\000i\000t\000H\000u\000b}{}% 18
\BOOKMARK [2][-]{subsection.B.1}{\376\377\000H\000a\000r\000m\000o\000n\000i\000c\000\040\000O\000s\000c\000i\000l\000l\000a\000t\000o\000r\000\040\000a\000t\000\040\000T\000=\0000}{appendix.B}% 19
\BOOKMARK [2][-]{subsection.B.2}{\376\377\000A\000n\000h\000a\000r\000m\000o\000n\000i\000c\000\040\000O\000s\000c\000i\000l\000l\000a\000t\000o\000r\000\040\000a\000t\000\040\000T\000=\0000}{appendix.B}% 20
\BOOKMARK [2][-]{subsection.B.3}{\376\377\000T\000h\000e\000r\000m\000a\000l\000\040\000C\000a\000s\000e\000s}{appendix.B}% 21
